<?xml version="1.0" encoding="UTF-8"?>
<!-- Generated by org.testng.reporters.JUnitReportReporter -->
<testsuite skipped="0" hostname="DESKTOP-QFU6CGB" name="com.qa.hubspot.tests.LoginPFTest" tests="1" failures="0" timestamp="2020-05-03T13:18:35 EDT" time="16.456" errors="0">
  <testcase name="loginTest" time="16.456" classname="com.qa.hubspot.tests.LoginPFTest"/>
  <system-out/>
</testsuite> <!-- com.qa.hubspot.tests.LoginPFTest -->
