<?xml version="1.0" encoding="UTF-8"?>
<!-- Generated by org.testng.reporters.JUnitReportReporter -->
<testsuite skipped="0" hostname="DESKTOP-QFU6CGB" name="com.qa.hubspot.tests.LoginTest" tests="2" failures="0" timestamp="2020-05-08T11:48:28 EDT" time="27.052" errors="0">
  <testcase name="loginTest" time="15.213" classname="com.qa.hubspot.tests.LoginTest"/>
  <system-out/>
  <testcase name="loginPageTitleTest" time="11.839" classname="com.qa.hubspot.tests.LoginTest"/>
  <system-out/>
</testsuite> <!-- com.qa.hubspot.tests.LoginTest -->
