<?xml version="1.0" encoding="UTF-8"?>
<!-- Generated by org.testng.reporters.JUnitReportReporter -->
<testsuite skipped="0" hostname="DESKTOP-QFU6CGB" name="com.qa.hubspot.tests.HomePageTest" tests="2" failures="0" timestamp="2020-05-08T11:48:28 EDT" time="32.241" errors="0">
  <testcase name="verifyHomePageTitleTest" time="16.558" classname="com.qa.hubspot.tests.HomePageTest"/>
  <system-out/>
  <testcase name="verifyUserLoggedIn" time="15.683" classname="com.qa.hubspot.tests.HomePageTest"/>
  <system-out/>
</testsuite> <!-- com.qa.hubspot.tests.HomePageTest -->
