<?xml version="1.0" encoding="UTF-8"?>
<!-- Generated by org.testng.reporters.JUnitReportReporter -->
<testsuite skipped="0" hostname="DESKTOP-QFU6CGB" name="com.qa.hubspot.tests.LoginTest" tests="1" failures="0" timestamp="2020-05-04T21:20:24 EDT" time="15.690" errors="0">
  <testcase name="loginTest" time="15.690" classname="com.qa.hubspot.tests.LoginTest"/>
  <system-out/>
</testsuite> <!-- com.qa.hubspot.tests.LoginTest -->
