<?xml version="1.0" encoding="UTF-8"?>
<!-- Generated by org.testng.reporters.JUnitReportReporter -->
<testsuite skipped="0" hostname="DESKTOP-QFU6CGB" name="com.qa.hubspot.tests.HomePageTest" tests="2" failures="0" timestamp="2020-05-04T14:47:35 EDT" time="37.779" errors="0">
  <testcase name="verifyHomePageTitleTest" time="19.013" classname="com.qa.hubspot.tests.HomePageTest"/>
  <system-out/>
  <testcase name="verifyHomePageHeaderTest" time="18.766" classname="com.qa.hubspot.tests.HomePageTest"/>
  <system-out/>
</testsuite> <!-- com.qa.hubspot.tests.HomePageTest -->
