<?xml version="1.0" encoding="UTF-8"?>
<!-- Generated by org.testng.reporters.JUnitReportReporter -->
<testsuite skipped="0" hostname="DESKTOP-QFU6CGB" name="com.qa.hubspot.tests.ContactsPageTest" tests="4" failures="0" timestamp="2020-05-05T10:26:01 EDT" time="167.318" errors="0">
  <testcase name="createNewContactTest" time="44.530" classname="com.qa.hubspot.tests.ContactsPageTest"/>
  <system-out/>
  <testcase name="createNewContactTest" time="43.069" classname="com.qa.hubspot.tests.ContactsPageTest"/>
  <system-out/>
  <testcase name="createNewContactTest" time="49.928" classname="com.qa.hubspot.tests.ContactsPageTest"/>
  <system-out/>
  <testcase name="createNewContactTest" time="29.791" classname="com.qa.hubspot.tests.ContactsPageTest"/>
  <system-out/>
</testsuite> <!-- com.qa.hubspot.tests.ContactsPageTest -->
